 
 TPT-D CABLE DESIGN

 0.035       390.       390.     
 0.028       990.      1380.     
 0.032      2330.      3710.     
 0.035      1900.      5610.     
 0.038      1650.      7260.     
 0.041      1780.      9040.     
 0.044      1840.     10880.     
 0.047      1660.     12540.     
 0.050      1480.     14020.     
 VOLUME (IN**3):267.26

  0.05    724.0    4.60    2.41   1742.9   87.15      87.   13933.
   264.64     152.56   704.02
 AIRSPEED  275. KIAS
  1.00    483.9    4.31    2.26   1092.6   54.63    1185.   12835.
   231.69     145.50   628.99
 
  1.30      TPT SPLICE      0.047     12514.

  1.30    475.6    4.23    2.21   1052.8   52.64    1506.   12514.
   222.07     143.44   607.81
 AIRSPEED  275. KIAS
  2.00    459.2    4.05    2.12    974.9   48.74    2214.   11806.
   203.32     139.44   566.47
 AIRSPEED  250. KIAS
  3.00    434.3    3.82    2.00    868.7   43.43    3130.   10890.
   179.02     132.40   506.72
 
  3.05      TPT SPLICE      0.044     10846.

  3.05    433.2    3.81    1.99    863.8   43.19    3174.   10846.
   177.87     132.16   504.26
 AIRSPEED  250. KIAS
  4.00    416.0    3.62    1.90    788.6   39.43    3956.   10064.
   159.70     128.25   465.05
 AIRSPEED  250. KIAS
  5.00    399.0    3.43    1.80    716.9   35.85    4706.    9314.
   142.26     124.51   427.85
 
  5.40      TPT SPLICE      0.041      9033.

  5.40    392.5    3.36    1.76    690.0   34.50    4987.    9033.
   135.74     123.11   413.94
 AIRSPEED  250. KIAS
  6.00    384.2    3.26    1.71    656.2   32.81    5390.    8630.
   127.61     121.37   396.39
 AIRSPEED  250. KIAS
  7.00    370.8    3.11    1.63    603.5   30.18    6018.    8002.
   114.94     118.66   369.31
 AIRSPEED  251. KIAS
  8.00    357.9    2.96    1.55    554.7   27.73    6596.    7424.
   103.29     116.27   344.26
 
  8.35      TPT SPLICE      0.038      7233.

  8.35    354.7    2.91    1.52    540.4   27.02    6787.    7233.
    99.43     116.14   337.92
 AIRSPEED  275. KIAS
  9.00    349.8    2.83    1.48    517.9   25.90    7130.    6890.
    93.49     116.25   328.98
 AIRSPEED  275. KIAS
 10.00    339.4    2.71    1.42    480.9   24.04    7629.    6391.
    84.85     114.45   309.91
 AIRSPEED  275. KIAS
 11.00    329.4    2.59    1.35    446.3   22.31    8091.    5929.
    76.83     112.78   291.97
 
 11.75      TPT SPLICE      0.035      5604.

 11.75    322.2    2.50    1.31    421.8   21.09    8416.    5604.
    71.20     111.61   279.20
 AIRSPEED  275. KIAS
 12.00    320.3    2.47    1.30    415.0   20.75    8521.    5499.
    69.66     111.29   275.56
 AIRSPEED  275. KIAS
 13.00    312.1    2.38    1.25    388.7   19.43    8922.    5098.
    63.77     110.07   261.94
 AIRSPEED  275. KIAS
 14.00    304.5    2.28    1.20    364.2   18.21    9297.    4723.
    58.25     108.92   248.95
 AIRSPEED  275. KIAS
 15.00    296.7    2.19    1.15    340.5   17.03    9649.    4371.
    53.08     107.85   236.55
 AIRSPEED  275. KIAS
 16.00    289.1    2.10    1.10    318.1   15.91    9978.    4042.
    48.25     106.86   224.69
 AIRSPEED  275. KIAS
 17.00    281.7    2.01    1.05    297.0   14.85   10285.    3735.
    43.73     105.92   213.34
 
 17.10      TPT SPLICE      0.032      3706.

 17.10    280.8    2.00    1.05    294.7   14.74   10314.    3706.
    43.30     105.84   212.24
 AIRSPEED  275. KIAS
 18.00    275.5    1.94    1.01    279.6   13.98   10572.    3448.
    40.13     105.18   203.96
 AIRSPEED  275. KIAS
 19.00    269.6    1.87    0.98    263.5   13.18   10843.    3177.
    36.80     104.50   195.16
 AIRSPEED  275. KIAS
 20.00    263.6    1.80    0.94    247.9   12.40   11098.    2922.
    33.67     103.85   186.64
 AIRSPEED  275. KIAS
 21.00    257.4    1.73    0.90    232.8   11.64   11338.    2682.
    30.72     103.25   178.41
 AIRSPEED  275. KIAS
 22.00    251.6    1.66    0.87    218.6   10.93   11564.    2456.
    27.95     102.68   170.43
 AIRSPEED  275. KIAS
 23.00    246.1    1.59    0.83    205.2   10.26   11775.    2245.
    25.35     102.15   162.70
 AIRSPEED  275. KIAS
 24.00    240.0    1.53    0.80    191.8    9.59   11973.    2047.
    22.91     101.65   155.19
 AIRSPEED  275. KIAS
 25.00    234.3    1.46    0.77    179.3    8.96   12159.    1861.
    20.64     101.18   147.90
 AIRSPEED  275. KIAS
 26.00    228.9    1.40    0.73    167.5    8.38   12332.    1688.
    18.51     100.75   140.82
 AIRSPEED  275. KIAS
 27.00    222.9    1.33    0.70    155.7    7.79   12493.    1527.
    16.53     100.34   133.92
 
 28.00      TPT SPLICE      0.028      1377.

 28.00    217.3    1.27    0.67    144.8    7.24   12643.    1377.
    14.68      99.97   127.21
 AIRSPEED  275. KIAS
 28.00    217.3    1.27    0.67    144.8    7.24   12643.    1377.
    14.68      99.97   127.21
 AIRSPEED  275. KIAS
 29.00    212.7    1.22    0.64    136.4    6.82   12783.    1237.
    13.36      99.70   122.10
 AIRSPEED  275. KIAS
 30.00    208.6    1.18    0.62    128.7    6.43   12916.    1104.
    12.12      99.44   117.17
 AIRSPEED  275. KIAS
 31.00    204.4    1.13    0.59    121.2    6.06   13040.     980.
    10.94      99.21   112.33
 AIRSPEED  275. KIAS
 32.00    200.1    1.09    0.57    113.9    5.69   13158.     862.
     9.84      98.98   107.57
 AIRSPEED  275. KIAS
 33.00    195.8    1.04    0.55    106.8    5.34   13268.     752.
     8.81      98.77   102.88
 AIRSPEED  275. KIAS
 34.00    191.3    1.00    0.52     99.8    4.99   13371.     649.
     7.84      98.57    98.27
 AIRSPEED  275. KIAS
 35.00    186.7    0.95    0.50     93.1    4.66   13467.     553.
     6.93      98.39    93.73
 AIRSPEED  275. KIAS
 36.00    182.0    0.91    0.48     86.6    4.33   13556.     464.
     6.09      98.22    89.24
 
 36.90      TPT SPLICE      0.035       388.

 36.90    177.9    0.87    0.46     81.0    4.05   13632.     388.
     5.38      98.07    85.26
 AIRSPEED  275. KIAS
 37.00    177.2    0.86    0.45     80.1    4.01   13640.     380.
     5.26      98.05    84.69
 AIRSPEED  275. KIAS
 38.00    170.1    0.80    0.42     70.9    3.54   13715.     305.
     4.16      97.83    77.86
 AIRSPEED  275. KIAS
 39.00    162.6    0.73    0.38     62.0    3.10   13781.     239.
     3.19      97.63    71.10
 AIRSPEED  275. KIAS
 40.00    154.1    0.66    0.35     53.3    2.66   13838.     182.
     2.34      97.46    64.37
 AIRSPEED  275. KIAS
 41.00    145.8    0.59    0.31     45.2    2.26   13887.     133.
     1.62      97.31    57.62
 AIRSPEED  275. KIAS
 42.00    137.1    0.52    0.27     37.4    1.87   13929.      91.
     1.02      97.19    50.71
 AIRSPEED  275. KIAS
 43.00    126.8    0.45    0.23     29.7    1.48   13962.      58.
     0.53      97.09    43.39
 AIRSPEED  275. KIAS
 44.00    113.4    0.36    0.19     21.3    1.07   13987.      33.
     0.15      97.01    34.86
 AIRSPEED  275. KIAS
 45.00     94.3    0.25    0.13     12.3    0.62   14003.      17.
     0.00      96.97    24.24
 AIRSPEED  275. KIAS
 46.00     94.3    0.25    0.13     12.3    0.62   14015.       5.
     0.00      96.93    24.23
 
 46.40      TPT SPLICE      0.000         0.

 46.40     94.3    0.25    0.13     12.3    0.62   14020.       0.
     0.00      96.91    24.23
 AIRSPEED  275. KIAS
 46.45     94.3    0.25    0.13     12.3    0.62   14020.       0.
     0.00      96.91    24.23
