 
 LAUNCH AIRSPEED  275. KIAS


 
 LTC-6 CABLE DESIGN

 0.072      2000.      2000.     11300.
 0.066      2050.      4050.      9300.
 0.062      1700.      5750.      7250.
 0.059      1550.      7300.      5550.
 0.056      1450.      8750.      4000.
 0.053      1750.     10500.      2550.
 0.050       800.     11300.       800.
 VOLUME (IN**3):512.29

  0.05    426.3    5.53    2.89   1233.3   61.66      62.   11238.   510.44
     160.84    846.1   24.88
 
  0.80      LTC SPLICE      0.053     10457.

  0.80    377.2    5.40    2.83   1067.2   53.36     843.   10457.   487.01
     188.15   1005.8    3.46
 AIRSPEED  275. KIAS
  1.00    385.4    5.37    2.81   1082.9   54.15    1058.   10242.   479.75
     195.34   1039.5    3.25
 AIRSPEED  275. KIAS
  2.00    420.0    5.17    2.71   1136.3   56.81    2171.    9129.   442.22
     231.10   1184.4    3.05
 
  2.35      LTC SPLICE      0.056      8734.

  2.35    417.8    5.09    2.67   1114.3   55.71    2566.    8734.   428.92
     229.63   1171.6    3.27
 AIRSPEED  250. KIAS
  3.00    422.0    4.94    2.59   1092.2   54.61    3278.    8022.   402.14
     242.59   1192.1    3.43
 
  3.70      LTC SPLICE      0.059      7263.

  3.70    431.9    4.78    2.50   1080.2   54.01    4037.    7263.   373.55
     259.81   1234.7    3.45
 AIRSPEED  250. KIAS
  4.00    436.2    4.70    2.46   1072.7   53.63    4360.    6940.   360.07
     268.33   1253.1    3.49
 
  5.00      LTC SPLICE      0.062      5708.

  5.00    540.0    4.38    2.29   1237.2   61.86    5592.    5708.   308.62
     298.80   1300.4    3.55
 AIRSPEED  250. KIAS
  5.00    540.0    4.38    2.29   1237.2   61.86    5592.    5708.   308.62
     298.80   1300.4    3.55
 AIRSPEED  250. KIAS
  6.00    539.0    4.00    2.10   1129.5   56.48    6775.    4525.   254.06
     325.20   1295.8    3.63
 
  6.45      LTC SPLICE      0.066      4030.

  6.45    537.3    3.83    2.01   1078.5   53.93    7270.    4030.   231.20
     337.88   1289.5    3.65
 AIRSPEED  250. KIAS
  7.00    531.3    3.60    1.89   1002.1   50.10    7841.    3459.   201.37
     353.18   1267.4    3.71
 AIRSPEED  251. KIAS
  8.00    512.7    3.18    1.67    854.3   42.71    8766.    2534.   153.02
     380.76   1199.8    3.74
 
  8.65      LTC SPLICE      0.072      1999.

  8.65    520.5    2.91    1.52    792.9   39.65    9301.    1999.   125.06
     426.78   1230.0    3.51
 AIRSPEED  275. KIAS
  9.00    523.0    2.74    1.43    749.1   37.46    9570.    1730.   108.32
     453.94   1238.4    3.44
 AIRSPEED  275. KIAS
 10.00    475.0    2.24    1.17    556.4   27.82   10216.    1084.    68.10
     477.71   1066.4    3.51
 AIRSPEED  275. KIAS
 11.00    348.5    1.79    0.94    327.2   16.36   10663.     637.    40.30
     495.68    887.1    3.53
 AIRSPEED  275. KIAS
 12.00    304.0    1.44    0.75    229.0   11.45   10938.     362.    23.20
     501.17    720.2    3.54
 AIRSPEED  275. KIAS
 13.00    260.1    1.11    0.58    151.4    7.57   11125.     175.    11.57
     511.14    567.7    3.55
 AIRSPEED  275. KIAS
 14.00    212.4    0.80    0.42     89.3    4.46   11243.      57.     4.25
     519.09    416.3    3.55
 
 14.90      LTC SPLICE      0.000        -1.

 14.90    160.4    0.52    0.27     43.3    2.17   11301.      -1.     0.64
     254.73    270.3    3.55
 AIRSPEED  275. KIAS
 15.00    160.4    0.52    0.27     43.3    0.00   11301.      -1.     0.64
     255.09    270.3    3.55
 AIRSPEED  275. KIAS
 16.00    160.4    0.52    0.27     43.3    0.00   11301.      -1.     0.64
     259.31    270.3    3.55
 AIRSPEED  275. KIAS
 17.00    160.4    0.52    0.27     43.3    0.00   11301.      -1.     0.64
     263.29    270.3    3.55
 AIRSPEED  275. KIAS
 18.00    160.4    0.52    0.27     43.3    0.00   11301.      -1.     0.64
     262.44    270.3    3.55
 AIRSPEED  275. KIAS
 19.00    160.4    0.52    0.27     43.3    0.00   11301.      -1.     0.64
     266.02    270.3    3.55
 AIRSPEED  275. KIAS
 20.00    160.4    0.52    0.27     43.3    0.00   11301.      -1.     0.64
     269.57    270.3    3.55
 AIRSPEED  275. KIAS
 21.00    160.4    0.52    0.27     43.3    0.00   11301.      -1.     0.64
     273.05    270.3    3.55
 AIRSPEED  275. KIAS
 22.00    160.4    0.52    0.27     43.3    0.00   11301.      -1.     0.64
     276.40    270.3    3.55
 AIRSPEED  275. KIAS
 23.00    160.4    0.52    0.27     43.3    0.00   11301.      -1.     0.64
     279.43    270.3    3.55
 AIRSPEED  275. KIAS
 24.00    160.4    0.52    0.27     43.3    0.00   11301.      -1.     0.64
     282.35    270.3    3.55
 AIRSPEED  275. KIAS
 25.00    160.4    0.52    0.27     43.3    0.00   11301.      -1.     0.64
     284.94    270.3    3.55
 AIRSPEED  275. KIAS
 26.00    160.4    0.52    0.27     43.3    0.00   11301.      -1.     0.64
     287.58    270.3    3.55
 AIRSPEED  275. KIAS
 27.00    160.4    0.52    0.27     43.3    0.00   11301.      -1.     0.64
     289.90    270.3    3.55
 AIRSPEED  275. KIAS
 28.00    160.4    0.52    0.27     43.3    0.00   11301.      -1.     0.64
     292.20    270.3    3.55
 AIRSPEED  275. KIAS
 29.00    160.4    0.52    0.27     43.3    0.00   11301.      -1.     0.64
     292.41    270.3    3.55
 AIRSPEED  275. KIAS
 30.00    160.4    0.52    0.27     43.3    0.00   11301.      -1.     0.64
     294.44    270.3    3.55
 AIRSPEED  275. KIAS
 31.00    160.4    0.52    0.27     43.3    0.00   11301.      -1.     0.64
     296.53    270.3    3.55
 AIRSPEED  275. KIAS
 32.00    160.4    0.52    0.27     43.3    0.00   11301.      -1.     0.64
     298.25    270.3    3.55
 AIRSPEED  275. KIAS
 33.00    160.4    0.52    0.27     43.3    0.00   11301.      -1.     0.64
     300.00    270.3    3.55
 AIRSPEED  275. KIAS
 34.00    160.4    0.52    0.27     43.3    0.00   11301.      -1.     0.64
     301.78    270.3    3.55
 AIRSPEED  275. KIAS
 35.00    160.4    0.52    0.27     43.3    0.00   11301.      -1.     0.64
     303.19    270.3    3.55
 AIRSPEED  275. KIAS
 36.00    160.4    0.52    0.27     43.3    0.00   11301.      -1.     0.64
     304.62    270.3    3.55
 AIRSPEED  275. KIAS
 37.00    160.4    0.52    0.27     43.3    0.00   11301.      -1.     0.64
     305.27    270.3    3.55
 AIRSPEED  275. KIAS
 38.00    160.4    0.52    0.27     43.3    0.00   11301.      -1.     0.64
     307.44    270.3    3.55
 AIRSPEED  275. KIAS
 39.00    160.4    0.52    0.27     43.3    0.00   11301.      -1.     0.64
     308.82    270.3    3.55
 AIRSPEED  275. KIAS
 40.00    160.4    0.52    0.27     43.3    0.00   11301.      -1.     0.64
     309.81    270.3    3.55
 AIRSPEED  275. KIAS
 41.00    160.4    0.52    0.27     43.3    0.00   11301.      -1.     0.64
     310.78    270.3    3.55
 AIRSPEED  275. KIAS
 42.00    160.4    0.52    0.27     43.3    0.00   11301.      -1.     0.64
     311.55    270.3    3.55
 AIRSPEED  275. KIAS
 43.00    160.4    0.52    0.27     43.3    0.00   11301.      -1.     0.64
     312.34    270.3    3.55
 AIRSPEED  275. KIAS
 44.00    160.4    0.52    0.27     43.3    0.00   11301.      -1.     0.64
     312.70    270.3    3.55
 AIRSPEED  275. KIAS
 45.00    160.4    0.52    0.27     43.3    0.00   11301.      -1.     0.64
     313.10    270.3    3.55
 AIRSPEED  275. KIAS
 46.00    160.4    0.52    0.27     43.3    0.00   11301.      -1.     0.64
     313.29    270.3    3.55
 AIRSPEED  275. KIAS
 46.45    160.4    0.52    0.27     43.3    0.00   11301.      -1.     0.64
      96.91    270.3    3.55
