 
 TARGET CABLE DESIGN

 0.035       390.       390.     
 0.024      5420.      5810.     
 0.028      3420.      9230.     
 0.032      3270.     12500.     
 0.035      2670.     15170.     
 0.038      2310.     17480.     
 0.041      2490.     19970.     
 0.044       980.     20950.     
 VOLUME (IN**3):267.83

 TIME      RPM    RADIUS    C      RATE   INC OFF  LEN OFF  LEN TO GO  VOLUME
    TENSION    TROQUE    KIAS


  0.05   1000.0    4.60    2.41   2409.9    120.5     120.   20830.   265.03
   122.08   569.56   226.22
 
  0.45      CABLE SPLICE      0.041     19887.

  0.45   1000.0    4.42    2.31   2314.3    115.7    1063.   19887.   243.13
   117.35   521.22   227.16
  1.00   1000.0    4.20    2.20   2198.2    109.9    2301.   18649.   218.17
   111.96   472.05   228.31
 
  1.55      CABLE SPLICE      0.038     17475.

  1.55   1000.0    3.98    2.08   2083.3    104.2    3475.   17475.   194.47
   106.87   427.02   229.44
  2.00   1000.0    3.82    2.00   2000.9    100.0    4392.   16558.   178.59
   103.47   396.82   230.26
 
  2.75      CABLE SPLICE      0.035     15112.

  2.75   1000.0    3.56    1.87   1865.4     93.3    5838.   15112.   153.52
    98.12   350.81   231.59
  3.00   1000.0    3.49    1.83   1825.6     91.3    6299.   14651.   146.76
    96.69   338.11   231.99
  4.00   1000.0    3.19    1.67   1671.2     83.6    8043.   12907.   121.11
    91.27   292.13   233.51
 
  4.25      CABLE SPLICE      0.032     12495.

  4.25   1000.0    3.12    1.63   1632.4     81.6    8455.   12495.   115.06
    89.99   281.35   233.89
  5.00   1000.0    2.93    1.53   1533.5     76.7    9639.   11311.   100.50
    86.95   255.22   234.87
  6.00   1000.0    2.68    1.40   1402.4     70.1   11104.    9846.    82.50
    83.20   223.32   236.16
 
  6.45      CABLE SPLICE      0.028      9230.

  6.45   1000.0    2.56    1.34   1343.0     67.1   11720.    9230.    74.93
    81.64   209.83   236.75
  7.00   1000.0    2.46    1.29   1285.6     64.3   12442.    8508.    68.15
    80.24   197.32   237.31
  8.00   1000.0    2.26    1.18   1183.3     59.2   13673.    7277.    56.56
    77.87   176.25   238.32
  9.00   1000.0    2.06    1.08   1079.9     54.0   14803.    6147.    45.93
    75.72   156.39   239.34
 
  9.35      CABLE SPLICE      0.024      5777.

  9.35   1000.0    1.99    1.04   1043.4     52.2   15173.    5777.    42.45
    75.02   149.69   239.70
 10.00   1000.0    1.89    0.99    991.9     49.6   15833.    5117.    37.89
    74.11   140.52   240.21
 11.00   1000.0    1.75    0.91    914.1     45.7   16784.    4166.    31.31
    72.80   127.20   240.98
 12.00   1000.0    1.59    0.84    835.1     41.8   17657.    3293.    25.28
    71.61   114.30   241.76
 13.00   1000.0    1.44    0.75    754.6     37.7   18450.    2500.    19.80
    70.55   101.74   242.55
 14.00   1000.0    1.28    0.67    672.3     33.6   19161.    1789.    14.88
    69.60    89.42   243.37
 15.00   1000.0    1.12    0.59    587.4     29.4   19789.    1161.    10.54
    68.78    77.20   244.20
 16.00   1000.0    0.95    0.50    498.6     24.9   20331.     619.     6.80
    68.09    64.87   245.08
 
 16.50      CABLE SPLICE      0.035       383.

 16.50   1000.0    0.86    0.45    452.1     22.6   20567.     383.     5.16
    67.80    58.57   245.54
 17.00   1000.0    0.67    0.35    350.4     17.5   20767.     183.     2.23
    67.29    45.06   246.54
 
 17.80      CABLE SPLICE      0.000         0.

 17.80   1000.0    0.25    0.13    130.9      6.5   20950.       0.     0.00
    66.95    16.74   248.71
 17.85   1000.0    0.25    0.13    130.9      6.5   20950.       0.     0.00
    66.95    16.74   248.71
